CRITICAL - 2023-04-01 16:11:03 --> Array to string conversion
in APPPATH\Controllers\Users\Dasboardu.php on line 20.
 1 APPPATH\Controllers\Users\Dasboardu.php(20): CodeIgniter\Debug\Exceptions->errorHandler(8, 'Array to string conversion', 'APPPATH\\Controllers\\Users\\Dasboardu.php', 20, [...])
 2 SYSTEMPATH\CodeIgniter.php(934): App\Controllers\users\Dasboardu->index()
 3 SYSTEMPATH\CodeIgniter.php(499): CodeIgniter\CodeIgniter->runController(Object(App\Controllers\users\Dasboardu))
 4 SYSTEMPATH\CodeIgniter.php(368): CodeIgniter\CodeIgniter->handleRequest(null, Object(Config\Cache), false)
 5 FCPATH\index.php(67): CodeIgniter\CodeIgniter->run()
 6 SYSTEMPATH\Commands\Server\rewrite.php(47): require_once('FCPATH\\index.php')
CRITICAL - 2023-04-01 16:11:11 --> Undefined index: namamenu
in APPPATH\Controllers\Users\Dasboardu.php on line 20.
 1 APPPATH\Controllers\Users\Dasboardu.php(20): CodeIgniter\Debug\Exceptions->errorHandler(8, 'Undefined index: namamenu', 'APPPATH\\Controllers\\Users\\Dasboardu.php', 20, [...])
 2 SYSTEMPATH\CodeIgniter.php(934): App\Controllers\users\Dasboardu->index()
 3 SYSTEMPATH\CodeIgniter.php(499): CodeIgniter\CodeIgniter->runController(Object(App\Controllers\users\Dasboardu))
 4 SYSTEMPATH\CodeIgniter.php(368): CodeIgniter\CodeIgniter->handleRequest(null, Object(Config\Cache), false)
 5 FCPATH\index.php(67): CodeIgniter\CodeIgniter->run()
 6 SYSTEMPATH\Commands\Server\rewrite.php(47): require_once('FCPATH\\index.php')
CRITICAL - 2023-04-01 16:11:15 --> Undefined index: namamenu
in APPPATH\Controllers\Users\Dasboardu.php on line 20.
 1 APPPATH\Controllers\Users\Dasboardu.php(20): CodeIgniter\Debug\Exceptions->errorHandler(8, 'Undefined index: namamenu', 'APPPATH\\Controllers\\Users\\Dasboardu.php', 20, [...])
 2 SYSTEMPATH\CodeIgniter.php(934): App\Controllers\users\Dasboardu->index()
 3 SYSTEMPATH\CodeIgniter.php(499): CodeIgniter\CodeIgniter->runController(Object(App\Controllers\users\Dasboardu))
 4 SYSTEMPATH\CodeIgniter.php(368): CodeIgniter\CodeIgniter->handleRequest(null, Object(Config\Cache), false)
 5 FCPATH\index.php(67): CodeIgniter\CodeIgniter->run()
 6 SYSTEMPATH\Commands\Server\rewrite.php(47): require_once('FCPATH\\index.php')
CRITICAL - 2023-04-01 17:18:31 --> syntax error, unexpected end of file
in APPPATH\Views\template\layoutusers.php on line 105.
 1 SYSTEMPATH\View\View.php(216): CodeIgniter\View\View->CodeIgniter\View\{closure}()
 2 SYSTEMPATH\View\View.php(229): CodeIgniter\View\View->render('template/layoutusers', [], true)
 3 SYSTEMPATH\Common.php(1184): CodeIgniter\View\View->render('users/dasboardUser', [], true)
 4 APPPATH\Controllers\Users\Dasboardu.php(28): view('users/dasboardUser', [...])
 5 SYSTEMPATH\CodeIgniter.php(934): App\Controllers\users\Dasboardu->index()
 6 SYSTEMPATH\CodeIgniter.php(499): CodeIgniter\CodeIgniter->runController(Object(App\Controllers\users\Dasboardu))
 7 SYSTEMPATH\CodeIgniter.php(368): CodeIgniter\CodeIgniter->handleRequest(null, Object(Config\Cache), false)
 8 FCPATH\index.php(67): CodeIgniter\CodeIgniter->run()
 9 SYSTEMPATH\Commands\Server\rewrite.php(47): require_once('FCPATH\\index.php')
CRITICAL - 2023-04-01 17:32:32 --> Undefined variable: bawah
in APPPATH\Views\template\layoutusers.php on line 34.
 1 APPPATH\Views\template\layoutusers.php(34): CodeIgniter\Debug\Exceptions->errorHandler(8, 'Undefined variable: bawah', 'APPPATH\\Views\\template\\layoutusers.php', 34, [])
 2 SYSTEMPATH\View\View.php(213): include('APPPATH\\Views\\template\\layoutusers.php')
 3 SYSTEMPATH\View\View.php(216): CodeIgniter\View\View->CodeIgniter\View\{closure}()
 4 SYSTEMPATH\View\View.php(229): CodeIgniter\View\View->render('template/layoutusers', [], true)
 5 SYSTEMPATH\Common.php(1184): CodeIgniter\View\View->render('users/profilUser', [], true)
 6 APPPATH\Controllers\Users\Dasboardu.php(34): view('users/profilUser')
 7 SYSTEMPATH\CodeIgniter.php(934): App\Controllers\users\Dasboardu->profilUser()
 8 SYSTEMPATH\CodeIgniter.php(499): CodeIgniter\CodeIgniter->runController(Object(App\Controllers\users\Dasboardu))
 9 SYSTEMPATH\CodeIgniter.php(368): CodeIgniter\CodeIgniter->handleRequest(null, Object(Config\Cache), false)
10 FCPATH\index.php(67): CodeIgniter\CodeIgniter->run()
11 SYSTEMPATH\Commands\Server\rewrite.php(47): require_once('FCPATH\\index.php')
CRITICAL - 2023-04-01 17:33:01 --> Undefined variable: bawah
in APPPATH\Views\template\layoutusers.php on line 34.
 1 APPPATH\Views\template\layoutusers.php(34): CodeIgniter\Debug\Exceptions->errorHandler(8, 'Undefined variable: bawah', 'APPPATH\\Views\\template\\layoutusers.php', 34, [])
 2 SYSTEMPATH\View\View.php(213): include('APPPATH\\Views\\template\\layoutusers.php')
 3 SYSTEMPATH\View\View.php(216): CodeIgniter\View\View->CodeIgniter\View\{closure}()
 4 SYSTEMPATH\View\View.php(229): CodeIgniter\View\View->render('template/layoutusers', [], true)
 5 SYSTEMPATH\Common.php(1184): CodeIgniter\View\View->render('users/profilUser', [], true)
 6 APPPATH\Controllers\Users\Dasboardu.php(34): view('users/profilUser')
 7 SYSTEMPATH\CodeIgniter.php(934): App\Controllers\users\Dasboardu->profilUser()
 8 SYSTEMPATH\CodeIgniter.php(499): CodeIgniter\CodeIgniter->runController(Object(App\Controllers\users\Dasboardu))
 9 SYSTEMPATH\CodeIgniter.php(368): CodeIgniter\CodeIgniter->handleRequest(null, Object(Config\Cache), false)
10 FCPATH\index.php(67): CodeIgniter\CodeIgniter->run()
11 SYSTEMPATH\Commands\Server\rewrite.php(47): require_once('FCPATH\\index.php')
CRITICAL - 2023-04-01 17:33:43 --> Undefined variable: bawah
in APPPATH\Views\template\layoutusers.php on line 34.
 1 APPPATH\Views\template\layoutusers.php(34): CodeIgniter\Debug\Exceptions->errorHandler(8, 'Undefined variable: bawah', 'APPPATH\\Views\\template\\layoutusers.php', 34, [])
 2 SYSTEMPATH\View\View.php(213): include('APPPATH\\Views\\template\\layoutusers.php')
 3 SYSTEMPATH\View\View.php(216): CodeIgniter\View\View->CodeIgniter\View\{closure}()
 4 SYSTEMPATH\View\View.php(229): CodeIgniter\View\View->render('template/layoutusers', [], true)
 5 SYSTEMPATH\Common.php(1184): CodeIgniter\View\View->render('users/profilUser', [], true)
 6 APPPATH\Controllers\Users\Dasboardu.php(34): view('users/profilUser')
 7 SYSTEMPATH\CodeIgniter.php(934): App\Controllers\users\Dasboardu->profilUser()
 8 SYSTEMPATH\CodeIgniter.php(499): CodeIgniter\CodeIgniter->runController(Object(App\Controllers\users\Dasboardu))
 9 SYSTEMPATH\CodeIgniter.php(368): CodeIgniter\CodeIgniter->handleRequest(null, Object(Config\Cache), false)
10 FCPATH\index.php(67): CodeIgniter\CodeIgniter->run()
11 SYSTEMPATH\Commands\Server\rewrite.php(47): require_once('FCPATH\\index.php')
CRITICAL - 2023-04-01 17:33:49 --> Undefined variable: bawah
in APPPATH\Views\template\layoutusers.php on line 34.
 1 APPPATH\Views\template\layoutusers.php(34): CodeIgniter\Debug\Exceptions->errorHandler(8, 'Undefined variable: bawah', 'APPPATH\\Views\\template\\layoutusers.php', 34, [])
 2 SYSTEMPATH\View\View.php(213): include('APPPATH\\Views\\template\\layoutusers.php')
 3 SYSTEMPATH\View\View.php(216): CodeIgniter\View\View->CodeIgniter\View\{closure}()
 4 SYSTEMPATH\View\View.php(229): CodeIgniter\View\View->render('template/layoutusers', [], true)
 5 SYSTEMPATH\Common.php(1184): CodeIgniter\View\View->render('users/profilUser', [], true)
 6 APPPATH\Controllers\Users\Dasboardu.php(34): view('users/profilUser')
 7 SYSTEMPATH\CodeIgniter.php(934): App\Controllers\users\Dasboardu->profilUser()
 8 SYSTEMPATH\CodeIgniter.php(499): CodeIgniter\CodeIgniter->runController(Object(App\Controllers\users\Dasboardu))
 9 SYSTEMPATH\CodeIgniter.php(368): CodeIgniter\CodeIgniter->handleRequest(null, Object(Config\Cache), false)
10 FCPATH\index.php(67): CodeIgniter\CodeIgniter->run()
11 SYSTEMPATH\Commands\Server\rewrite.php(47): require_once('FCPATH\\index.php')
CRITICAL - 2023-04-01 20:07:01 --> Invalid file: "navbar.php"
in SYSTEMPATH\Exceptions\FrameworkException.php on line 33.
 1 SYSTEMPATH\View\View.php(201): CodeIgniter\Exceptions\FrameworkException::forInvalidFile('navbar.php')
 2 SYSTEMPATH\View\View.php(431): CodeIgniter\View\View->render('navbar', null, true)
 3 APPPATH\Views\template\layoutadmin.php(12): CodeIgniter\View\View->include('navbar')
 4 SYSTEMPATH\View\View.php(213): include('APPPATH\\Views\\template\\layoutadmin.php')
 5 SYSTEMPATH\View\View.php(216): CodeIgniter\View\View->CodeIgniter\View\{closure}()
 6 SYSTEMPATH\View\View.php(229): CodeIgniter\View\View->render('template/layoutadmin', [], true)
 7 SYSTEMPATH\Common.php(1184): CodeIgniter\View\View->render('admin/dasboardAdmin', [], true)
 8 APPPATH\Controllers\Admin\Dasboarda.php(31): view('admin/dasboardAdmin', [...])
 9 SYSTEMPATH\CodeIgniter.php(934): App\Controllers\Admin\Dasboarda->index()
10 SYSTEMPATH\CodeIgniter.php(499): CodeIgniter\CodeIgniter->runController(Object(App\Controllers\Admin\Dasboarda))
11 SYSTEMPATH\CodeIgniter.php(368): CodeIgniter\CodeIgniter->handleRequest(null, Object(Config\Cache), false)
12 FCPATH\index.php(67): CodeIgniter\CodeIgniter->run()
13 SYSTEMPATH\Commands\Server\rewrite.php(47): require_once('FCPATH\\index.php')
CRITICAL - 2023-04-01 20:07:49 --> Invalid file: "navbar.php"
in SYSTEMPATH\Exceptions\FrameworkException.php on line 33.
 1 SYSTEMPATH\View\View.php(201): CodeIgniter\Exceptions\FrameworkException::forInvalidFile('navbar.php')
 2 SYSTEMPATH\View\View.php(431): CodeIgniter\View\View->render('navbar', null, true)
 3 APPPATH\Views\template\layoutadmin.php(12): CodeIgniter\View\View->include('navbar')
 4 SYSTEMPATH\View\View.php(213): include('APPPATH\\Views\\template\\layoutadmin.php')
 5 SYSTEMPATH\View\View.php(216): CodeIgniter\View\View->CodeIgniter\View\{closure}()
 6 SYSTEMPATH\View\View.php(229): CodeIgniter\View\View->render('template/layoutadmin', [], true)
 7 SYSTEMPATH\Common.php(1184): CodeIgniter\View\View->render('admin/dasboardAdmin', [], true)
 8 APPPATH\Controllers\Admin\Dasboarda.php(31): view('admin/dasboardAdmin', [...])
 9 SYSTEMPATH\CodeIgniter.php(934): App\Controllers\Admin\Dasboarda->index()
10 SYSTEMPATH\CodeIgniter.php(499): CodeIgniter\CodeIgniter->runController(Object(App\Controllers\Admin\Dasboarda))
11 SYSTEMPATH\CodeIgniter.php(368): CodeIgniter\CodeIgniter->handleRequest(null, Object(Config\Cache), false)
12 FCPATH\index.php(67): CodeIgniter\CodeIgniter->run()
13 SYSTEMPATH\Commands\Server\rewrite.php(47): require_once('FCPATH\\index.php')
CRITICAL - 2023-04-01 20:08:27 --> Invalid file: "navbar.php"
in SYSTEMPATH\Exceptions\FrameworkException.php on line 33.
 1 SYSTEMPATH\View\View.php(201): CodeIgniter\Exceptions\FrameworkException::forInvalidFile('navbar.php')
 2 SYSTEMPATH\View\View.php(431): CodeIgniter\View\View->render('navbar', null, true)
 3 APPPATH\Views\admin\dasboardAdmin.php(2): CodeIgniter\View\View->include('navbar')
 4 SYSTEMPATH\View\View.php(213): include('APPPATH\\Views\\admin\\dasboardAdmin.php')
 5 SYSTEMPATH\View\View.php(216): CodeIgniter\View\View->CodeIgniter\View\{closure}()
 6 SYSTEMPATH\Common.php(1184): CodeIgniter\View\View->render('admin/dasboardAdmin', [], true)
 7 APPPATH\Controllers\Admin\Dasboarda.php(31): view('admin/dasboardAdmin', [...])
 8 SYSTEMPATH\CodeIgniter.php(934): App\Controllers\Admin\Dasboarda->index()
 9 SYSTEMPATH\CodeIgniter.php(499): CodeIgniter\CodeIgniter->runController(Object(App\Controllers\Admin\Dasboarda))
10 SYSTEMPATH\CodeIgniter.php(368): CodeIgniter\CodeIgniter->handleRequest(null, Object(Config\Cache), false)
11 FCPATH\index.php(67): CodeIgniter\CodeIgniter->run()
12 SYSTEMPATH\Commands\Server\rewrite.php(47): require_once('FCPATH\\index.php')
CRITICAL - 2023-04-01 20:08:29 --> Invalid file: "navbar.php"
in SYSTEMPATH\Exceptions\FrameworkException.php on line 33.
 1 SYSTEMPATH\View\View.php(201): CodeIgniter\Exceptions\FrameworkException::forInvalidFile('navbar.php')
 2 SYSTEMPATH\View\View.php(431): CodeIgniter\View\View->render('navbar', null, true)
 3 APPPATH\Views\admin\dasboardAdmin.php(2): CodeIgniter\View\View->include('navbar')
 4 SYSTEMPATH\View\View.php(213): include('APPPATH\\Views\\admin\\dasboardAdmin.php')
 5 SYSTEMPATH\View\View.php(216): CodeIgniter\View\View->CodeIgniter\View\{closure}()
 6 SYSTEMPATH\Common.php(1184): CodeIgniter\View\View->render('admin/dasboardAdmin', [], true)
 7 APPPATH\Controllers\Admin\Dasboarda.php(31): view('admin/dasboardAdmin', [...])
 8 SYSTEMPATH\CodeIgniter.php(934): App\Controllers\Admin\Dasboarda->index()
 9 SYSTEMPATH\CodeIgniter.php(499): CodeIgniter\CodeIgniter->runController(Object(App\Controllers\Admin\Dasboarda))
10 SYSTEMPATH\CodeIgniter.php(368): CodeIgniter\CodeIgniter->handleRequest(null, Object(Config\Cache), false)
11 FCPATH\index.php(67): CodeIgniter\CodeIgniter->run()
12 SYSTEMPATH\Commands\Server\rewrite.php(47): require_once('FCPATH\\index.php')
CRITICAL - 2023-04-01 20:08:42 --> syntax error, unexpected '?>'
in APPPATH\Views\admin\dasboardAdmin.php on line 2.
 1 SYSTEMPATH\View\View.php(216): CodeIgniter\View\View->CodeIgniter\View\{closure}()
 2 SYSTEMPATH\Common.php(1184): CodeIgniter\View\View->render('admin/dasboardAdmin', [], true)
 3 APPPATH\Controllers\Admin\Dasboarda.php(31): view('admin/dasboardAdmin', [...])
 4 SYSTEMPATH\CodeIgniter.php(934): App\Controllers\Admin\Dasboarda->index()
 5 SYSTEMPATH\CodeIgniter.php(499): CodeIgniter\CodeIgniter->runController(Object(App\Controllers\Admin\Dasboarda))
 6 SYSTEMPATH\CodeIgniter.php(368): CodeIgniter\CodeIgniter->handleRequest(null, Object(Config\Cache), false)
 7 FCPATH\index.php(67): CodeIgniter\CodeIgniter->run()
 8 SYSTEMPATH\Commands\Server\rewrite.php(47): require_once('FCPATH\\index.php')
CRITICAL - 2023-04-01 20:08:56 --> Invalid file: "sidebar.php"
in SYSTEMPATH\Exceptions\FrameworkException.php on line 33.
 1 SYSTEMPATH\View\View.php(201): CodeIgniter\Exceptions\FrameworkException::forInvalidFile('sidebar.php')
 2 SYSTEMPATH\View\View.php(431): CodeIgniter\View\View->render('sidebar', null, true)
 3 APPPATH\Views\admin\dasboardAdmin.php(3): CodeIgniter\View\View->include('sidebar')
 4 SYSTEMPATH\View\View.php(213): include('APPPATH\\Views\\admin\\dasboardAdmin.php')
 5 SYSTEMPATH\View\View.php(216): CodeIgniter\View\View->CodeIgniter\View\{closure}()
 6 SYSTEMPATH\Common.php(1184): CodeIgniter\View\View->render('admin/dasboardAdmin', [], true)
 7 APPPATH\Controllers\Admin\Dasboarda.php(31): view('admin/dasboardAdmin', [...])
 8 SYSTEMPATH\CodeIgniter.php(934): App\Controllers\Admin\Dasboarda->index()
 9 SYSTEMPATH\CodeIgniter.php(499): CodeIgniter\CodeIgniter->runController(Object(App\Controllers\Admin\Dasboarda))
10 SYSTEMPATH\CodeIgniter.php(368): CodeIgniter\CodeIgniter->handleRequest(null, Object(Config\Cache), false)
11 FCPATH\index.php(67): CodeIgniter\CodeIgniter->run()
12 SYSTEMPATH\Commands\Server\rewrite.php(47): require_once('FCPATH\\index.php')
CRITICAL - 2023-04-01 20:09:55 --> Invalid file: "template/sidebar.php"
in SYSTEMPATH\Exceptions\FrameworkException.php on line 33.
 1 SYSTEMPATH\View\View.php(201): CodeIgniter\Exceptions\FrameworkException::forInvalidFile('template/sidebar.php')
 2 SYSTEMPATH\View\View.php(431): CodeIgniter\View\View->render('template/sidebar', null, true)
 3 APPPATH\Views\admin\dasboardAdmin.php(3): CodeIgniter\View\View->include('template/sidebar')
 4 SYSTEMPATH\View\View.php(213): include('APPPATH\\Views\\admin\\dasboardAdmin.php')
 5 SYSTEMPATH\View\View.php(216): CodeIgniter\View\View->CodeIgniter\View\{closure}()
 6 SYSTEMPATH\Common.php(1184): CodeIgniter\View\View->render('admin/dasboardAdmin', [], true)
 7 APPPATH\Controllers\Admin\Dasboarda.php(31): view('admin/dasboardAdmin', [...])
 8 SYSTEMPATH\CodeIgniter.php(934): App\Controllers\Admin\Dasboarda->index()
 9 SYSTEMPATH\CodeIgniter.php(499): CodeIgniter\CodeIgniter->runController(Object(App\Controllers\Admin\Dasboarda))
10 SYSTEMPATH\CodeIgniter.php(368): CodeIgniter\CodeIgniter->handleRequest(null, Object(Config\Cache), false)
11 FCPATH\index.php(67): CodeIgniter\CodeIgniter->run()
12 SYSTEMPATH\Commands\Server\rewrite.php(47): require_once('FCPATH\\index.php')
CRITICAL - 2023-04-01 20:09:56 --> Invalid file: "template/sidebar.php"
in SYSTEMPATH\Exceptions\FrameworkException.php on line 33.
 1 SYSTEMPATH\View\View.php(201): CodeIgniter\Exceptions\FrameworkException::forInvalidFile('template/sidebar.php')
 2 SYSTEMPATH\View\View.php(431): CodeIgniter\View\View->render('template/sidebar', null, true)
 3 APPPATH\Views\admin\dasboardAdmin.php(3): CodeIgniter\View\View->include('template/sidebar')
 4 SYSTEMPATH\View\View.php(213): include('APPPATH\\Views\\admin\\dasboardAdmin.php')
 5 SYSTEMPATH\View\View.php(216): CodeIgniter\View\View->CodeIgniter\View\{closure}()
 6 SYSTEMPATH\Common.php(1184): CodeIgniter\View\View->render('admin/dasboardAdmin', [], true)
 7 APPPATH\Controllers\Admin\Dasboarda.php(31): view('admin/dasboardAdmin', [...])
 8 SYSTEMPATH\CodeIgniter.php(934): App\Controllers\Admin\Dasboarda->index()
 9 SYSTEMPATH\CodeIgniter.php(499): CodeIgniter\CodeIgniter->runController(Object(App\Controllers\Admin\Dasboarda))
10 SYSTEMPATH\CodeIgniter.php(368): CodeIgniter\CodeIgniter->handleRequest(null, Object(Config\Cache), false)
11 FCPATH\index.php(67): CodeIgniter\CodeIgniter->run()
12 SYSTEMPATH\Commands\Server\rewrite.php(47): require_once('FCPATH\\index.php')
CRITICAL - 2023-04-01 20:09:57 --> Invalid file: "template/sidebar.php"
in SYSTEMPATH\Exceptions\FrameworkException.php on line 33.
 1 SYSTEMPATH\View\View.php(201): CodeIgniter\Exceptions\FrameworkException::forInvalidFile('template/sidebar.php')
 2 SYSTEMPATH\View\View.php(431): CodeIgniter\View\View->render('template/sidebar', null, true)
 3 APPPATH\Views\admin\dasboardAdmin.php(3): CodeIgniter\View\View->include('template/sidebar')
 4 SYSTEMPATH\View\View.php(213): include('APPPATH\\Views\\admin\\dasboardAdmin.php')
 5 SYSTEMPATH\View\View.php(216): CodeIgniter\View\View->CodeIgniter\View\{closure}()
 6 SYSTEMPATH\Common.php(1184): CodeIgniter\View\View->render('admin/dasboardAdmin', [], true)
 7 APPPATH\Controllers\Admin\Dasboarda.php(31): view('admin/dasboardAdmin', [...])
 8 SYSTEMPATH\CodeIgniter.php(934): App\Controllers\Admin\Dasboarda->index()
 9 SYSTEMPATH\CodeIgniter.php(499): CodeIgniter\CodeIgniter->runController(Object(App\Controllers\Admin\Dasboarda))
10 SYSTEMPATH\CodeIgniter.php(368): CodeIgniter\CodeIgniter->handleRequest(null, Object(Config\Cache), false)
11 FCPATH\index.php(67): CodeIgniter\CodeIgniter->run()
12 SYSTEMPATH\Commands\Server\rewrite.php(47): require_once('FCPATH\\index.php')
CRITICAL - 2023-04-01 20:09:57 --> Invalid file: "template/sidebar.php"
in SYSTEMPATH\Exceptions\FrameworkException.php on line 33.
 1 SYSTEMPATH\View\View.php(201): CodeIgniter\Exceptions\FrameworkException::forInvalidFile('template/sidebar.php')
 2 SYSTEMPATH\View\View.php(431): CodeIgniter\View\View->render('template/sidebar', null, true)
 3 APPPATH\Views\admin\dasboardAdmin.php(3): CodeIgniter\View\View->include('template/sidebar')
 4 SYSTEMPATH\View\View.php(213): include('APPPATH\\Views\\admin\\dasboardAdmin.php')
 5 SYSTEMPATH\View\View.php(216): CodeIgniter\View\View->CodeIgniter\View\{closure}()
 6 SYSTEMPATH\Common.php(1184): CodeIgniter\View\View->render('admin/dasboardAdmin', [], true)
 7 APPPATH\Controllers\Admin\Dasboarda.php(31): view('admin/dasboardAdmin', [...])
 8 SYSTEMPATH\CodeIgniter.php(934): App\Controllers\Admin\Dasboarda->index()
 9 SYSTEMPATH\CodeIgniter.php(499): CodeIgniter\CodeIgniter->runController(Object(App\Controllers\Admin\Dasboarda))
10 SYSTEMPATH\CodeIgniter.php(368): CodeIgniter\CodeIgniter->handleRequest(null, Object(Config\Cache), false)
11 FCPATH\index.php(67): CodeIgniter\CodeIgniter->run()
12 SYSTEMPATH\Commands\Server\rewrite.php(47): require_once('FCPATH\\index.php')
CRITICAL - 2023-04-01 20:12:08 --> Invalid file: "template/sidebar.php"
in SYSTEMPATH\Exceptions\FrameworkException.php on line 33.
 1 SYSTEMPATH\View\View.php(201): CodeIgniter\Exceptions\FrameworkException::forInvalidFile('template/sidebar.php')
 2 SYSTEMPATH\View\View.php(431): CodeIgniter\View\View->render('template/sidebar', null, true)
 3 APPPATH\Views\admin\dasboardAdmin.php(5): CodeIgniter\View\View->include('template/sidebar')
 4 SYSTEMPATH\View\View.php(213): include('APPPATH\\Views\\admin\\dasboardAdmin.php')
 5 SYSTEMPATH\View\View.php(216): CodeIgniter\View\View->CodeIgniter\View\{closure}()
 6 SYSTEMPATH\Common.php(1184): CodeIgniter\View\View->render('admin/dasboardAdmin', [], true)
 7 APPPATH\Controllers\Admin\Dasboarda.php(31): view('admin/dasboardAdmin', [...])
 8 SYSTEMPATH\CodeIgniter.php(934): App\Controllers\Admin\Dasboarda->index()
 9 SYSTEMPATH\CodeIgniter.php(499): CodeIgniter\CodeIgniter->runController(Object(App\Controllers\Admin\Dasboarda))
10 SYSTEMPATH\CodeIgniter.php(368): CodeIgniter\CodeIgniter->handleRequest(null, Object(Config\Cache), false)
11 FCPATH\index.php(67): CodeIgniter\CodeIgniter->run()
12 SYSTEMPATH\Commands\Server\rewrite.php(47): require_once('FCPATH\\index.php')
CRITICAL - 2023-04-01 20:13:35 --> Invalid file: "admin/layoutadmin.php"
in SYSTEMPATH\Exceptions\FrameworkException.php on line 33.
 1 SYSTEMPATH\View\View.php(201): CodeIgniter\Exceptions\FrameworkException::forInvalidFile('admin/layoutadmin.php')
 2 SYSTEMPATH\Common.php(1184): CodeIgniter\View\View->render('admin/layoutadmin', [], true)
 3 APPPATH\Controllers\Admin\Dasboarda.php(31): view('admin/layoutadmin', [...])
 4 SYSTEMPATH\CodeIgniter.php(934): App\Controllers\Admin\Dasboarda->index()
 5 SYSTEMPATH\CodeIgniter.php(499): CodeIgniter\CodeIgniter->runController(Object(App\Controllers\Admin\Dasboarda))
 6 SYSTEMPATH\CodeIgniter.php(368): CodeIgniter\CodeIgniter->handleRequest(null, Object(Config\Cache), false)
 7 FCPATH\index.php(67): CodeIgniter\CodeIgniter->run()
 8 SYSTEMPATH\Commands\Server\rewrite.php(47): require_once('FCPATH\\index.php')
CRITICAL - 2023-04-01 20:17:57 --> Invalid file: "/navbar.php"
in SYSTEMPATH\Exceptions\FrameworkException.php on line 33.
 1 SYSTEMPATH\View\View.php(201): CodeIgniter\Exceptions\FrameworkException::forInvalidFile('/navbar.php')
 2 SYSTEMPATH\View\View.php(431): CodeIgniter\View\View->render('/navbar', null, true)
 3 APPPATH\Views\template\layoutadmin.php(12): CodeIgniter\View\View->include('/navbar')
 4 SYSTEMPATH\View\View.php(213): include('APPPATH\\Views\\template\\layoutadmin.php')
 5 SYSTEMPATH\View\View.php(216): CodeIgniter\View\View->CodeIgniter\View\{closure}()
 6 SYSTEMPATH\View\View.php(229): CodeIgniter\View\View->render('template/layoutadmin', [], true)
 7 SYSTEMPATH\Common.php(1184): CodeIgniter\View\View->render('admin/dasboardAdmin', [], true)
 8 APPPATH\Controllers\Admin\Dasboarda.php(31): view('admin/dasboardAdmin', [...])
 9 SYSTEMPATH\CodeIgniter.php(934): App\Controllers\Admin\Dasboarda->index()
10 SYSTEMPATH\CodeIgniter.php(499): CodeIgniter\CodeIgniter->runController(Object(App\Controllers\Admin\Dasboarda))
11 SYSTEMPATH\CodeIgniter.php(368): CodeIgniter\CodeIgniter->handleRequest(null, Object(Config\Cache), false)
12 FCPATH\index.php(67): CodeIgniter\CodeIgniter->run()
13 SYSTEMPATH\Commands\Server\rewrite.php(47): require_once('FCPATH\\index.php')
CRITICAL - 2023-04-01 20:18:26 --> Invalid file: "../navbar.php"
in SYSTEMPATH\Exceptions\FrameworkException.php on line 33.
 1 SYSTEMPATH\View\View.php(201): CodeIgniter\Exceptions\FrameworkException::forInvalidFile('../navbar.php')
 2 SYSTEMPATH\View\View.php(431): CodeIgniter\View\View->render('../navbar', null, true)
 3 APPPATH\Views\admin\dasboardAdmin.php(2): CodeIgniter\View\View->include('../navbar')
 4 SYSTEMPATH\View\View.php(213): include('APPPATH\\Views\\admin\\dasboardAdmin.php')
 5 SYSTEMPATH\View\View.php(216): CodeIgniter\View\View->CodeIgniter\View\{closure}()
 6 SYSTEMPATH\Common.php(1184): CodeIgniter\View\View->render('admin/dasboardAdmin', [], true)
 7 APPPATH\Controllers\Admin\Dasboarda.php(31): view('admin/dasboardAdmin', [...])
 8 SYSTEMPATH\CodeIgniter.php(934): App\Controllers\Admin\Dasboarda->index()
 9 SYSTEMPATH\CodeIgniter.php(499): CodeIgniter\CodeIgniter->runController(Object(App\Controllers\Admin\Dasboarda))
10 SYSTEMPATH\CodeIgniter.php(368): CodeIgniter\CodeIgniter->handleRequest(null, Object(Config\Cache), false)
11 FCPATH\index.php(67): CodeIgniter\CodeIgniter->run()
12 SYSTEMPATH\Commands\Server\rewrite.php(47): require_once('FCPATH\\index.php')
CRITICAL - 2023-04-01 20:18:27 --> Invalid file: "../navbar.php"
in SYSTEMPATH\Exceptions\FrameworkException.php on line 33.
 1 SYSTEMPATH\View\View.php(201): CodeIgniter\Exceptions\FrameworkException::forInvalidFile('../navbar.php')
 2 SYSTEMPATH\View\View.php(431): CodeIgniter\View\View->render('../navbar', null, true)
 3 APPPATH\Views\admin\dasboardAdmin.php(2): CodeIgniter\View\View->include('../navbar')
 4 SYSTEMPATH\View\View.php(213): include('APPPATH\\Views\\admin\\dasboardAdmin.php')
 5 SYSTEMPATH\View\View.php(216): CodeIgniter\View\View->CodeIgniter\View\{closure}()
 6 SYSTEMPATH\Common.php(1184): CodeIgniter\View\View->render('admin/dasboardAdmin', [], true)
 7 APPPATH\Controllers\Admin\Dasboarda.php(31): view('admin/dasboardAdmin', [...])
 8 SYSTEMPATH\CodeIgniter.php(934): App\Controllers\Admin\Dasboarda->index()
 9 SYSTEMPATH\CodeIgniter.php(499): CodeIgniter\CodeIgniter->runController(Object(App\Controllers\Admin\Dasboarda))
10 SYSTEMPATH\CodeIgniter.php(368): CodeIgniter\CodeIgniter->handleRequest(null, Object(Config\Cache), false)
11 FCPATH\index.php(67): CodeIgniter\CodeIgniter->run()
12 SYSTEMPATH\Commands\Server\rewrite.php(47): require_once('FCPATH\\index.php')
CRITICAL - 2023-04-01 20:18:44 --> Invalid file: "navbar.php"
in SYSTEMPATH\Exceptions\FrameworkException.php on line 33.
 1 SYSTEMPATH\View\View.php(201): CodeIgniter\Exceptions\FrameworkException::forInvalidFile('navbar.php')
 2 SYSTEMPATH\View\View.php(431): CodeIgniter\View\View->render('navbar', null, true)
 3 APPPATH\Views\admin\dasboardAdmin.php(2): CodeIgniter\View\View->include('navbar')
 4 SYSTEMPATH\View\View.php(213): include('APPPATH\\Views\\admin\\dasboardAdmin.php')
 5 SYSTEMPATH\View\View.php(216): CodeIgniter\View\View->CodeIgniter\View\{closure}()
 6 SYSTEMPATH\Common.php(1184): CodeIgniter\View\View->render('admin/dasboardAdmin', [], true)
 7 APPPATH\Controllers\Admin\Dasboarda.php(31): view('admin/dasboardAdmin', [...])
 8 SYSTEMPATH\CodeIgniter.php(934): App\Controllers\Admin\Dasboarda->index()
 9 SYSTEMPATH\CodeIgniter.php(499): CodeIgniter\CodeIgniter->runController(Object(App\Controllers\Admin\Dasboarda))
10 SYSTEMPATH\CodeIgniter.php(368): CodeIgniter\CodeIgniter->handleRequest(null, Object(Config\Cache), false)
11 FCPATH\index.php(67): CodeIgniter\CodeIgniter->run()
12 SYSTEMPATH\Commands\Server\rewrite.php(47): require_once('FCPATH\\index.php')
